<?xml version="1.0" encoding="UTF-8"?>
<!-- Generated by org.testng.reporters.JUnitReportReporter -->
<testsuite skipped="0" hostname="USSPEUFTWP0004" name="TestCases.CFL" tests="1" failures="0" timestamp="04 Jun 2018 06:52:41 GMT" time="7.062" errors="0">
  <testcase name="f" time="7.062" classname="TestCases.CFL"/>
</testsuite> <!-- TestCases.CFL -->
