<?xml version="1.0" encoding="UTF-8"?>
<!-- Generated by org.testng.reporters.JUnitReportReporter -->
<testsuite skipped="0" hostname="USSPEUFTWP0004" name="TestCases.GWCC" tests="1" failures="0" timestamp="04 Jun 2018 11:19:23 GMT" time="4.535" errors="0">
  <testcase name="add" time="4.535" classname="TestCases.GWCC"/>
</testsuite> <!-- TestCases.GWCC -->
